2020-12-28 19:18:20,652 INFO o.a.j.u.JMeterUtils: Setting Locale to en_EN
2020-12-28 19:18:20,680 INFO o.a.j.JMeter: Loading user properties from: user.properties
2020-12-28 19:18:20,682 INFO o.a.j.JMeter: Loading system properties from: system.properties
2020-12-28 19:18:20,704 INFO o.a.j.JMeter: Copyright (c) 1998-2020 The Apache Software Foundation
2020-12-28 19:18:20,704 INFO o.a.j.JMeter: Version 5.4
2020-12-28 19:18:20,704 INFO o.a.j.JMeter: java.version=1.8.0_271
2020-12-28 19:18:20,704 INFO o.a.j.JMeter: java.vm.name=Java HotSpot(TM) Client VM
2020-12-28 19:18:20,704 INFO o.a.j.JMeter: os.name=Windows Server 2019
2020-12-28 19:18:20,704 INFO o.a.j.JMeter: os.arch=x86
2020-12-28 19:18:20,704 INFO o.a.j.JMeter: os.version=10.0
2020-12-28 19:18:20,704 INFO o.a.j.JMeter: file.encoding=Cp1252
2020-12-28 19:18:20,705 INFO o.a.j.JMeter: java.awt.headless=null
2020-12-28 19:18:20,705 INFO o.a.j.JMeter: Max memory     =1073741824
2020-12-28 19:18:20,705 INFO o.a.j.JMeter: Available Processors =1
2020-12-28 19:18:20,719 INFO o.a.j.JMeter: Default Locale=English (EN)
2020-12-28 19:18:20,719 INFO o.a.j.JMeter: JMeter  Locale=English (EN)
2020-12-28 19:18:20,719 INFO o.a.j.JMeter: JMeterHome=C:\Users\Administrator\Downloads\apache-jmeter-5.4
2020-12-28 19:18:20,719 INFO o.a.j.JMeter: user.dir  =C:\Users\Administrator\Downloads\apache-jmeter-5.4\bin
2020-12-28 19:18:20,720 INFO o.a.j.JMeter: PWD       =C:\Users\Administrator\Downloads\apache-jmeter-5.4\bin
2020-12-28 19:18:20,726 INFO o.a.j.JMeter: IP: 172.31.33.78 Name: EC2AMAZ-9GRN154 FullName: host.docker.internal
2020-12-28 19:18:20,985 INFO o.a.j.JMeter: Setting LAF to: com.github.weisj.darklaf.DarkLaf:com.github.weisj.darklaf.theme.DarculaTheme
2020-12-28 19:18:22,011 INFO o.a.j.JMeter: Loaded icon properties from org/apache/jmeter/images/icon.properties
2020-12-28 19:18:50,945 INFO o.a.j.s.FileServer: Default base='C:\Users\Administrator\Downloads\apache-jmeter-5.4\bin'
2020-12-28 19:18:50,950 INFO o.a.j.g.a.Load: Loading file: C:\Projets TP\ISPConfig\jmx\SC01_Create_client.jmx
2020-12-28 19:18:50,950 INFO o.a.j.s.FileServer: Set new base='C:\Projets TP\ISPConfig\jmx'
2020-12-28 19:18:51,199 INFO o.a.j.s.SaveService: Testplan (JMX) version: 2.2. Testlog (JTL) version: 2.2
2020-12-28 19:18:51,237 INFO o.a.j.s.SaveService: Using SaveService properties file encoding UTF-8
2020-12-28 19:18:51,239 INFO o.a.j.s.SaveService: Using SaveService properties version 5.0
2020-12-28 19:18:51,244 INFO o.a.j.s.SaveService: Loading file: C:\Projets TP\ISPConfig\jmx\SC01_Create_client.jmx
2020-12-28 19:18:51,447 INFO o.a.j.p.h.c.CookieManager: Settings: Delete null: true Check: true Allow variable: true Save: false Prefix: COOKIE_
2020-12-28 19:18:51,475 INFO o.a.j.s.SampleResult: Note: Sample TimeStamps are START times
2020-12-28 19:18:51,476 INFO o.a.j.s.SampleResult: sampleresult.default.encoding is set to ISO-8859-1
2020-12-28 19:18:51,476 INFO o.a.j.s.SampleResult: sampleresult.useNanoTime=true
2020-12-28 19:18:51,476 INFO o.a.j.s.SampleResult: sampleresult.nanoThreadSleep=5000
2020-12-28 19:18:51,493 INFO o.a.j.p.h.s.HTTPSamplerBase: Parser for text/html is org.apache.jmeter.protocol.http.parser.LagartoBasedHtmlParser
2020-12-28 19:18:51,493 INFO o.a.j.p.h.s.HTTPSamplerBase: Parser for application/xhtml+xml is org.apache.jmeter.protocol.http.parser.LagartoBasedHtmlParser
2020-12-28 19:18:51,493 INFO o.a.j.p.h.s.HTTPSamplerBase: Parser for application/xml is org.apache.jmeter.protocol.http.parser.LagartoBasedHtmlParser
2020-12-28 19:18:51,493 INFO o.a.j.p.h.s.HTTPSamplerBase: Parser for text/xml is org.apache.jmeter.protocol.http.parser.LagartoBasedHtmlParser
2020-12-28 19:18:51,494 INFO o.a.j.p.h.s.HTTPSamplerBase: Parser for text/vnd.wap.wml is org.apache.jmeter.protocol.http.parser.RegexpHTMLParser
2020-12-28 19:18:51,494 INFO o.a.j.p.h.s.HTTPSamplerBase: Parser for text/css is org.apache.jmeter.protocol.http.parser.CssParser
2020-12-28 19:18:53,149 INFO o.a.j.e.KeyToolUtils: keytool found at 'keytool'
2020-12-28 19:18:53,150 INFO o.a.j.p.h.p.ProxyControl: HTTP(S) Test Script Recorder SSL Proxy will use keys that support embedded 3rd party resources in file C:\Users\Administrator\Downloads\apache-jmeter-5.4\bin\proxyserver.jks
2020-12-28 19:18:54,659 WARN o.a.j.g.a.Load: Unexpected error. java.lang.NullPointerException
java.lang.NullPointerException: null
	at java.util.ArrayDeque.addLast(Unknown Source) ~[?:1.8.0_271]
	at java.util.ArrayDeque.add(Unknown Source) ~[?:1.8.0_271]
	at org.apache.jmeter.gui.action.LoadRecentProject.updateRecentFileMenuItems(LoadRecentProject.java:125) ~[ApacheJMeter_core.jar:5.4]
	at org.apache.jmeter.gui.util.JMeterMenuBar.setProjectFileLoaded(JMeterMenuBar.java:144) ~[ApacheJMeter_core.jar:5.4]
	at org.apache.jmeter.gui.MainFrame.setProjectFileLoaded(MainFrame.java:330) ~[ApacheJMeter_core.jar:5.4]
	at org.apache.jmeter.gui.GuiPackage.setTestPlanFile(GuiPackage.java:732) ~[ApacheJMeter_core.jar:5.4]
	at org.apache.jmeter.gui.action.Load.loadProjectFile(Load.java:136) ~[ApacheJMeter_core.jar:5.4]
	at org.apache.jmeter.gui.action.Load.loadProjectFile(Load.java:101) ~[ApacheJMeter_core.jar:5.4]
	at org.apache.jmeter.gui.action.Load.doActionAfterCheck(Load.java:88) ~[ApacheJMeter_core.jar:5.4]
	at org.apache.jmeter.gui.action.AbstractActionWithNoRunningTest.doAction(AbstractActionWithNoRunningTest.java:44) ~[ApacheJMeter_core.jar:5.4]
	at org.apache.jmeter.gui.action.ActionRouter.performAction(ActionRouter.java:87) ~[ApacheJMeter_core.jar:5.4]
	at org.apache.jmeter.gui.action.ActionRouter.lambda$actionPerformed$0(ActionRouter.java:69) ~[ApacheJMeter_core.jar:5.4]
	at java.awt.event.InvocationEvent.dispatch(Unknown Source) [?:1.8.0_271]
	at java.awt.EventQueue.dispatchEventImpl(Unknown Source) [?:1.8.0_271]
	at java.awt.EventQueue.access$500(Unknown Source) [?:1.8.0_271]
	at java.awt.EventQueue$3.run(Unknown Source) [?:1.8.0_271]
	at java.awt.EventQueue$3.run(Unknown Source) [?:1.8.0_271]
	at java.security.AccessController.doPrivileged(Native Method) ~[?:1.8.0_271]
	at java.security.ProtectionDomain$JavaSecurityAccessImpl.doIntersectionPrivilege(Unknown Source) [?:1.8.0_271]
	at java.awt.EventQueue.dispatchEvent(Unknown Source) [?:1.8.0_271]
	at java.awt.EventDispatchThread.pumpOneEventForFilters(Unknown Source) [?:1.8.0_271]
	at java.awt.EventDispatchThread.pumpEventsForFilter(Unknown Source) [?:1.8.0_271]
	at java.awt.EventDispatchThread.pumpEventsForHierarchy(Unknown Source) [?:1.8.0_271]
	at java.awt.EventDispatchThread.pumpEvents(Unknown Source) [?:1.8.0_271]
	at java.awt.EventDispatchThread.pumpEvents(Unknown Source) [?:1.8.0_271]
	at java.awt.EventDispatchThread.run(Unknown Source) [?:1.8.0_271]
2020-12-28 19:18:54,667 ERROR o.a.j.u.JMeterUtils: Unexpected error - see log for details
2020-12-28 19:22:05,172 INFO o.a.j.e.StandardJMeterEngine: Running the test!
2020-12-28 19:22:05,175 INFO o.a.j.s.SampleEvent: List of sample_variables: []
2020-12-28 19:22:05,175 INFO o.a.j.s.SampleEvent: List of sample_variables: []
2020-12-28 19:22:05,177 INFO o.a.j.e.u.CompoundVariable: Note: Function class names must contain the string: '.functions.'
2020-12-28 19:22:05,177 INFO o.a.j.e.u.CompoundVariable: Note: Function class names must not contain the string: '.gui.'
2020-12-28 19:22:05,860 INFO o.a.j.v.b.BackendListener: Backend Listener: Starting worker with class: class rocks.nt.apm.jmeter.JMeterInfluxDBBackendListenerClient and queue capacity: 5000
2020-12-28 19:22:05,862 INFO o.a.j.v.b.BackendListener: Backend Listener: Started  worker with class: class rocks.nt.apm.jmeter.JMeterInfluxDBBackendListenerClient
2020-12-28 19:22:05,970 ERROR o.a.j.JMeter: Uncaught exception in thread Thread[StandardJMeterEngine,6,main]
java.lang.IllegalStateException: Failed calling setupTest
	at org.apache.jmeter.visualizers.backend.BackendListener.testStarted(BackendListener.java:327) ~[ApacheJMeter_components.jar:5.4]
	at org.apache.jmeter.visualizers.backend.BackendListener.testStarted(BackendListener.java:280) ~[ApacheJMeter_components.jar:5.4]
	at org.apache.jmeter.engine.StandardJMeterEngine.notifyTestListenersOfStart(StandardJMeterEngine.java:205) ~[ApacheJMeter_core.jar:5.4]
	at org.apache.jmeter.engine.StandardJMeterEngine.run(StandardJMeterEngine.java:382) ~[ApacheJMeter_core.jar:5.4]
	at java.lang.Thread.run(Unknown Source) [?:1.8.0_271]
Caused by: java.lang.IllegalArgumentException: baseUrl must end in /: http://http//3.17.57.211:8086
	at retrofit2.Retrofit$Builder.baseUrl(Retrofit.java:496) ~[JMeter-InfluxDB-Writer-plugin-1.2.2.jar:1.2.2]
	at retrofit2.Retrofit$Builder.baseUrl(Retrofit.java:439) ~[JMeter-InfluxDB-Writer-plugin-1.2.2.jar:1.2.2]
	at org.influxdb.impl.InfluxDBImpl.<init>(InfluxDBImpl.java:62) ~[JMeter-InfluxDB-Writer-plugin-1.2.2.jar:1.2.2]
	at org.influxdb.InfluxDBFactory.connect(InfluxDBFactory.java:34) ~[JMeter-InfluxDB-Writer-plugin-1.2.2.jar:1.2.2]
	at rocks.nt.apm.jmeter.JMeterInfluxDBBackendListenerClient.setupInfluxClient(JMeterInfluxDBBackendListenerClient.java:277) ~[JMeter-InfluxDB-Writer-plugin-1.2.2.jar:1.2.2]
	at rocks.nt.apm.jmeter.JMeterInfluxDBBackendListenerClient.setupTest(JMeterInfluxDBBackendListenerClient.java:208) ~[JMeter-InfluxDB-Writer-plugin-1.2.2.jar:1.2.2]
	at org.apache.jmeter.visualizers.backend.BackendListener.testStarted(BackendListener.java:325) ~[ApacheJMeter_components.jar:5.4]
	... 4 more
2020-12-28 19:22:20,836 INFO o.a.j.e.StandardJMeterEngine: Running the test!
2020-12-28 19:22:20,837 INFO o.a.j.s.SampleEvent: List of sample_variables: []
2020-12-28 19:22:20,841 INFO o.a.j.v.b.BackendListener: Backend Listener: Starting worker with class: class rocks.nt.apm.jmeter.JMeterInfluxDBBackendListenerClient and queue capacity: 5000
2020-12-28 19:22:20,842 INFO o.a.j.v.b.BackendListener: Backend Listener: Started  worker with class: class rocks.nt.apm.jmeter.JMeterInfluxDBBackendListenerClient
2020-12-28 19:22:21,639 INFO o.a.j.g.u.JMeterMenuBar: setRunning(true, *local*)
2020-12-28 19:22:21,858 INFO o.a.j.e.StandardJMeterEngine: Starting ThreadGroup: 1 : SC01_Create_client
2020-12-28 19:22:21,858 INFO o.a.j.e.StandardJMeterEngine: Starting 3 threads for group SC01_Create_client.
2020-12-28 19:22:21,859 INFO o.a.j.e.StandardJMeterEngine: Thread will continue on error
2020-12-28 19:22:21,859 INFO o.a.j.t.ThreadGroup: Starting thread group... number=1 threads=3 ramp-up=3 delayedStart=false
2020-12-28 19:22:21,892 INFO o.a.j.t.ThreadGroup: Started thread group number 1
2020-12-28 19:22:21,892 INFO o.a.j.e.StandardJMeterEngine: All thread groups have been started
2020-12-28 19:22:21,920 INFO o.a.j.t.JMeterThread: Thread started: SC01_Create_client 1-1
2020-12-28 19:22:21,927 INFO o.a.j.s.FileServer: Stored: C:/Projets TP/ISPConfig/Data/user.csv
2020-12-28 19:22:22,909 INFO o.a.j.t.JMeterThread: Thread started: SC01_Create_client 1-2
2020-12-28 19:22:23,671 INFO o.a.j.p.h.s.HTTPHCAbstractImpl: Local host = EC2AMAZ-9GRN154
2020-12-28 19:22:23,686 INFO o.a.j.p.h.s.HTTPHC4Impl: HTTP request retry count = 0
2020-12-28 19:22:23,887 INFO o.a.j.t.JMeterThread: Thread started: SC01_Create_client 1-3
2020-12-28 19:22:32,774 INFO o.a.j.g.a.Start: Stopping test
2020-12-28 19:22:32,795 INFO o.a.j.t.JMeterThread: Stopping: SC01_Create_client 1-2
2020-12-28 19:22:32,795 WARN o.a.j.t.JMeterThread: The delay timer was interrupted - probably did not wait as long as intended.
2020-12-28 19:22:32,796 INFO o.a.j.t.JMeterThread: Thread finished: SC01_Create_client 1-2
2020-12-28 19:22:32,804 INFO o.a.j.t.JMeterThread: Stopping: SC01_Create_client 1-1
2020-12-28 19:22:32,804 WARN o.a.j.t.JMeterThread: The delay timer was interrupted - probably did not wait as long as intended.
2020-12-28 19:22:32,805 INFO o.a.j.t.JMeterThread: Thread finished: SC01_Create_client 1-1
2020-12-28 19:22:32,827 INFO o.a.j.t.JMeterThread: Stopping: SC01_Create_client 1-3
2020-12-28 19:22:32,829 WARN o.a.j.t.JMeterThread: The delay timer was interrupted - probably did not wait as long as intended.
2020-12-28 19:22:32,832 INFO o.a.j.t.JMeterThread: Thread finished: SC01_Create_client 1-3
2020-12-28 19:22:32,835 INFO o.a.j.e.StandardJMeterEngine: Notifying test listeners of end of test
2020-12-28 19:22:32,835 INFO o.a.j.s.FileServer: Close: C:/Projets TP/ISPConfig/Data/user.csv
2020-12-28 19:22:32,839 INFO o.a.j.v.b.BackendListener: Worker ended
2020-12-28 19:22:32,840 INFO r.n.a.j.JMeterInfluxDBBackendListenerClient: Shutting down influxDB scheduler...
2020-12-28 19:22:32,848 INFO r.n.a.j.JMeterInfluxDBBackendListenerClient: influxDB scheduler terminated!
2020-12-28 19:22:32,848 INFO o.a.j.g.u.JMeterMenuBar: setRunning(false, *local*)
2020-12-28 19:22:41,948 INFO o.a.j.e.StandardJMeterEngine: Running the test!
2020-12-28 19:22:41,948 INFO o.a.j.s.SampleEvent: List of sample_variables: []
2020-12-28 19:22:41,953 INFO o.a.j.v.b.BackendListener: Backend Listener: Starting worker with class: class rocks.nt.apm.jmeter.JMeterInfluxDBBackendListenerClient and queue capacity: 5000
2020-12-28 19:22:41,953 INFO o.a.j.v.b.BackendListener: Backend Listener: Started  worker with class: class rocks.nt.apm.jmeter.JMeterInfluxDBBackendListenerClient
2020-12-28 19:22:41,959 INFO o.a.j.g.u.JMeterMenuBar: setRunning(true, *local*)
2020-12-28 19:22:42,158 INFO o.a.j.e.StandardJMeterEngine: Starting ThreadGroup: 1 : SC01_Create_client
2020-12-28 19:22:42,158 INFO o.a.j.e.StandardJMeterEngine: Starting 3 threads for group SC01_Create_client.
2020-12-28 19:22:42,158 INFO o.a.j.e.StandardJMeterEngine: Thread will continue on error
2020-12-28 19:22:42,158 INFO o.a.j.t.ThreadGroup: Starting thread group... number=1 threads=3 ramp-up=3 delayedStart=false
2020-12-28 19:22:42,189 INFO o.a.j.t.ThreadGroup: Started thread group number 1
2020-12-28 19:22:42,189 INFO o.a.j.e.StandardJMeterEngine: All thread groups have been started
2020-12-28 19:22:42,195 INFO o.a.j.t.JMeterThread: Thread started: SC01_Create_client 1-1
2020-12-28 19:22:42,198 INFO o.a.j.s.FileServer: Stored: C:/Projets TP/ISPConfig/Data/user.csv
2020-12-28 19:22:43,192 INFO o.a.j.t.JMeterThread: Thread started: SC01_Create_client 1-2
2020-12-28 19:22:44,190 INFO o.a.j.t.JMeterThread: Thread started: SC01_Create_client 1-3
2020-12-28 19:27:44,720 INFO o.a.j.t.JMeterThread: Thread is done: SC01_Create_client 1-2
2020-12-28 19:27:44,722 INFO o.a.j.t.JMeterThread: Thread finished: SC01_Create_client 1-2
2020-12-28 19:27:45,104 INFO o.a.j.t.JMeterThread: Thread is done: SC01_Create_client 1-1
2020-12-28 19:27:45,104 INFO o.a.j.t.JMeterThread: Thread finished: SC01_Create_client 1-1
2020-12-28 19:27:49,467 INFO o.a.j.t.JMeterThread: Thread is done: SC01_Create_client 1-3
2020-12-28 19:27:49,469 INFO o.a.j.t.JMeterThread: Thread finished: SC01_Create_client 1-3
2020-12-28 19:27:49,470 INFO o.a.j.e.StandardJMeterEngine: Notifying test listeners of end of test
2020-12-28 19:27:49,472 INFO o.a.j.s.FileServer: Close: C:/Projets TP/ISPConfig/Data/user.csv
2020-12-28 19:27:49,475 INFO o.a.j.v.b.BackendListener: Worker ended
2020-12-28 19:27:49,480 INFO r.n.a.j.JMeterInfluxDBBackendListenerClient: Shutting down influxDB scheduler...
2020-12-28 19:27:49,487 INFO r.n.a.j.JMeterInfluxDBBackendListenerClient: influxDB scheduler terminated!
2020-12-28 19:27:49,489 INFO o.a.j.g.u.JMeterMenuBar: setRunning(false, *local*)
2020-12-28 19:32:18,393 INFO o.a.j.r.ResultCollector: Shutdown hook started
2020-12-28 19:32:18,396 INFO o.a.j.r.ResultCollector: Shutdown hook ended
